<?xml version="1.0" encoding="UTF-8"?>
<!-- Generated by org.testng.reporters.JUnitReportReporter -->
<testsuite skipped="0" hostname="JORGX-OC" name="com.emotel.test.system.testCase.MantenimientoTipoHotel" tests="4" failures="0" timestamp="19 nov 2018 15:15:17 GMT" time="59.336" errors="0">
  <testcase name="registrarTipoHotel" time="17.996" classname="com.emotel.test.system.testCase.MantenimientoTipoHotel"/>
  <testcase name="registrarTipoHotel" time="13.966" classname="com.emotel.test.system.testCase.MantenimientoTipoHotel"/>
  <testcase name="registrarTipoHotel" time="13.633" classname="com.emotel.test.system.testCase.MantenimientoTipoHotel"/>
  <testcase name="registrarTipoHotel" time="13.741" classname="com.emotel.test.system.testCase.MantenimientoTipoHotel"/>
</testsuite> <!-- com.emotel.test.system.testCase.MantenimientoTipoHotel -->
