<?xml version="1.0" encoding="UTF-8"?>
<!-- Generated by org.testng.reporters.JUnitReportReporter -->
<testsuite skipped="0" hostname="JORGX-OC" name="com.emotel.test.system.testCase.MantenimientoReservaRestaurante" tests="8" failures="0" timestamp="19 nov 2018 15:15:17 GMT" time="192.258" errors="0">
  <testcase name="reservarRestaurante" time="30.464" classname="com.emotel.test.system.testCase.MantenimientoReservaRestaurante"/>
  <testcase name="reservarRestaurante" time="21.834" classname="com.emotel.test.system.testCase.MantenimientoReservaRestaurante"/>
  <testcase name="reservarRestaurante" time="30.260" classname="com.emotel.test.system.testCase.MantenimientoReservaRestaurante"/>
  <testcase name="reservarRestaurante" time="18.338" classname="com.emotel.test.system.testCase.MantenimientoReservaRestaurante"/>
  <testcase name="reservarRestaurante" time="15.109" classname="com.emotel.test.system.testCase.MantenimientoReservaRestaurante"/>
  <testcase name="reservarRestaurante" time="30.405" classname="com.emotel.test.system.testCase.MantenimientoReservaRestaurante"/>
  <testcase name="reservarRestaurante" time="30.412" classname="com.emotel.test.system.testCase.MantenimientoReservaRestaurante"/>
  <testcase name="reservarRestaurante" time="15.436" classname="com.emotel.test.system.testCase.MantenimientoReservaRestaurante"/>
</testsuite> <!-- com.emotel.test.system.testCase.MantenimientoReservaRestaurante -->
