<?xml version="1.0" encoding="UTF-8"?>
<!-- Generated by org.testng.reporters.JUnitReportReporter -->
<testsuite skipped="0" hostname="JORGX-OC" name="com.emotel.test.system.testCase.MantenimientoHotel" tests="8" failures="0" timestamp="19 nov 2018 15:15:17 GMT" time="125.208" errors="0">
  <testcase name="registrarHotel" time="15.474" classname="com.emotel.test.system.testCase.MantenimientoHotel"/>
  <testcase name="registrarHotel" time="15.365" classname="com.emotel.test.system.testCase.MantenimientoHotel"/>
  <testcase name="registrarHotel" time="17.007" classname="com.emotel.test.system.testCase.MantenimientoHotel"/>
  <testcase name="registrarHotel" time="15.508" classname="com.emotel.test.system.testCase.MantenimientoHotel"/>
  <testcase name="registrarHotel" time="15.531" classname="com.emotel.test.system.testCase.MantenimientoHotel"/>
  <testcase name="registrarHotel" time="15.453" classname="com.emotel.test.system.testCase.MantenimientoHotel"/>
  <testcase name="registrarHotel" time="15.506" classname="com.emotel.test.system.testCase.MantenimientoHotel"/>
  <testcase name="registrarHotel" time="15.364" classname="com.emotel.test.system.testCase.MantenimientoHotel"/>
</testsuite> <!-- com.emotel.test.system.testCase.MantenimientoHotel -->
