<?xml version="1.0" encoding="UTF-8"?>
<!-- Generated by org.testng.reporters.JUnitReportReporter -->
<testsuite skipped="0" hostname="JORGX-OC" name="com.emotel.test.system.testCase.MantenimientoReservaHotel" tests="14" failures="0" timestamp="19 nov 2018 15:15:17 GMT" time="246.765" errors="0">
  <testcase name="reservarHotel" time="17.525" classname="com.emotel.test.system.testCase.MantenimientoReservaHotel"/>
  <testcase name="reservarHotel" time="19.354" classname="com.emotel.test.system.testCase.MantenimientoReservaHotel"/>
  <testcase name="reservarHotel" time="17.313" classname="com.emotel.test.system.testCase.MantenimientoReservaHotel"/>
  <testcase name="reservarHotel" time="17.318" classname="com.emotel.test.system.testCase.MantenimientoReservaHotel"/>
  <testcase name="reservarHotel" time="17.662" classname="com.emotel.test.system.testCase.MantenimientoReservaHotel"/>
  <testcase name="reservarHotel" time="17.553" classname="com.emotel.test.system.testCase.MantenimientoReservaHotel"/>
  <testcase name="reservarHotel" time="17.513" classname="com.emotel.test.system.testCase.MantenimientoReservaHotel"/>
  <testcase name="reservarHotel" time="17.517" classname="com.emotel.test.system.testCase.MantenimientoReservaHotel"/>
  <testcase name="reservarHotel" time="17.579" classname="com.emotel.test.system.testCase.MantenimientoReservaHotel"/>
  <testcase name="reservarHotel" time="17.490" classname="com.emotel.test.system.testCase.MantenimientoReservaHotel"/>
  <testcase name="reservarHotel" time="17.604" classname="com.emotel.test.system.testCase.MantenimientoReservaHotel"/>
  <testcase name="reservarHotel" time="17.600" classname="com.emotel.test.system.testCase.MantenimientoReservaHotel"/>
  <testcase name="reservarHotel" time="17.566" classname="com.emotel.test.system.testCase.MantenimientoReservaHotel"/>
  <testcase name="reservarHotel" time="17.171" classname="com.emotel.test.system.testCase.MantenimientoReservaHotel"/>
</testsuite> <!-- com.emotel.test.system.testCase.MantenimientoReservaHotel -->
