<?xml version="1.0" encoding="UTF-8"?>
<!-- Generated by org.testng.reporters.JUnitReportReporter -->
<testsuite skipped="0" hostname="JORGX-OC" name="com.emotel.test.system.testCase.MantenimientoRestaurante" tests="14" failures="0" timestamp="19 nov 2018 15:15:17 GMT" time="248.816" errors="0">
  <testcase name="registrarRestaurante" time="19.502" classname="com.emotel.test.system.testCase.MantenimientoRestaurante"/>
  <testcase name="registrarRestaurante" time="17.890" classname="com.emotel.test.system.testCase.MantenimientoRestaurante"/>
  <testcase name="registrarRestaurante" time="17.740" classname="com.emotel.test.system.testCase.MantenimientoRestaurante"/>
  <testcase name="registrarRestaurante" time="17.465" classname="com.emotel.test.system.testCase.MantenimientoRestaurante"/>
  <testcase name="registrarRestaurante" time="17.854" classname="com.emotel.test.system.testCase.MantenimientoRestaurante"/>
  <testcase name="registrarRestaurante" time="17.507" classname="com.emotel.test.system.testCase.MantenimientoRestaurante"/>
  <testcase name="registrarRestaurante" time="17.475" classname="com.emotel.test.system.testCase.MantenimientoRestaurante"/>
  <testcase name="registrarRestaurante" time="17.663" classname="com.emotel.test.system.testCase.MantenimientoRestaurante"/>
  <testcase name="registrarRestaurante" time="17.621" classname="com.emotel.test.system.testCase.MantenimientoRestaurante"/>
  <testcase name="registrarRestaurante" time="17.526" classname="com.emotel.test.system.testCase.MantenimientoRestaurante"/>
  <testcase name="registrarRestaurante" time="17.788" classname="com.emotel.test.system.testCase.MantenimientoRestaurante"/>
  <testcase name="registrarRestaurante" time="17.631" classname="com.emotel.test.system.testCase.MantenimientoRestaurante"/>
  <testcase name="registrarRestaurante" time="17.639" classname="com.emotel.test.system.testCase.MantenimientoRestaurante"/>
  <testcase name="registrarRestaurante" time="17.515" classname="com.emotel.test.system.testCase.MantenimientoRestaurante"/>
</testsuite> <!-- com.emotel.test.system.testCase.MantenimientoRestaurante -->
